==============================================================================
Suites                                                                        
==============================================================================
Suites.Cp001 Chrome Copy 2 :: Casos de Prueba CC-04-2019-AMTIF-OT04           
==============================================================================
CP009 Aviso de Movilización Tipo Inspección Federal MAAMTIF :: Ins... Resultado Ok con dormir
Solicitud Aviso ok
Establecimiento destino OK
Radio Otro OK
Radio TIF OK
| FAIL |
StaleElementReferenceException: Message: stale element reference: element is not attached to the page document
  (Session info: chrome=79.0.3945.130)
------------------------------------------------------------------------------
CP052 Capturar Aviso Despojos y Harinas :: Despojos y Harinas         Solicitud Aviso y despojo ok
| FAIL |
List with locator 'amtif:selTipoEst' not found.
------------------------------------------------------------------------------
Suites.Cp001 Chrome Copy 2 :: Casos de Prueba CC-04-2019-AMTIF-OT04   | FAIL |
2 critical tests, 0 passed, 2 failed
2 tests total, 0 passed, 2 failed
==============================================================================
Suites                                                                | FAIL |
2 critical tests, 0 passed, 2 failed
2 tests total, 0 passed, 2 failed
==============================================================================
Output:  C:\Test_amtif\amtif\resultados_dos\pabot_results\Suites.Cp001 Chrome Copy 2\output.xml
