==============================================================================
Suites                                                                        
==============================================================================
Suites.Cp001 Chrome Copy 5 :: Casos de Prueba CC-04-2019-AMTIF-OT04           
==============================================================================
CP009 Aviso de Movilización Tipo Inspección Federal MAAMTIF :: Ins... | FAIL |
Element with locator 'xpath=(//input[contains(@type,'text')])[1]' not found.
------------------------------------------------------------------------------
CP052 Capturar Aviso Despojos y Harinas :: Despojos y Harinas         Solicitud Aviso y despojo ok
Establecimiento de Destino OK
Clicks chings ok
Link chings ok
Agregar Producto ok
Se agrega producto OK
Transporte OK
Transportes Agregados OK
Resumen final
Carga de Key y Cer OK
Firma Generada Correctamente OK
Generar Ok
| FAIL |
Element with locator 'xpath=//*[@id="amtif:btnObtenPDF"]' not found.
------------------------------------------------------------------------------
Suites.Cp001 Chrome Copy 5 :: Casos de Prueba CC-04-2019-AMTIF-OT04   | FAIL |
2 critical tests, 0 passed, 2 failed
2 tests total, 0 passed, 2 failed
==============================================================================
Suites                                                                | FAIL |
2 critical tests, 0 passed, 2 failed
2 tests total, 0 passed, 2 failed
==============================================================================
Output:  C:\Test_amtif\amtif\resultados_uno\pabot_results\Suites.Cp001 Chrome Copy 5\output.xml
