==============================================================================
Suites                                                                        
==============================================================================
Suites.Cp001 Chrome Copy 16 :: Casos de Prueba CC-04-2019-AMTIF-OT04          
==============================================================================
CP009 Aviso de Movilización Tipo Inspección Federal MAAMTIF :: Ins... Resultado Ok con dormir
Solicitud Aviso ok
Establecimiento destino OK
Radio Otro OK
Radio TIF OK
Tif Encontrado OK
Productos y Lotes OK OK
Productos Cargados Modal ok
Cargados Ok
Carga Lote ok
Pantalla transporte OK
Se agrega el Transporte OK
Numoer de Lote y Placas ok
Imprimir hoja y Aviso Ok
| PASS |
------------------------------------------------------------------------------
CP052 Capturar Aviso Despojos y Harinas :: Despojos y Harinas         Solicitud Aviso y despojo ok
Establecimiento de Destino OK
Clicks chings ok
Link chings ok
| FAIL |
ElementClickInterceptedException: Message: element click intercepted: Element <input id="amtif:btnAbrirAgregarProducto" type="submit" name="amtif:btnAbrirAgregarProducto" value="Reintentar agregar producto" title="Tratar de obtener la información necesaria para agregar un producto" class="btn btn-default"> is not clickable at point (1188, 686). Other element would receive the click: <div id="fondo" class="completo oculto" style="display: block;"></div>
  (Session info: chrome=79.0.3945.130)
------------------------------------------------------------------------------
Suites.Cp001 Chrome Copy 16 :: Casos de Prueba CC-04-2019-AMTIF-OT04  | FAIL |
2 critical tests, 1 passed, 1 failed
2 tests total, 1 passed, 1 failed
==============================================================================
Suites                                                                | FAIL |
2 critical tests, 1 passed, 1 failed
2 tests total, 1 passed, 1 failed
==============================================================================
Output:  C:\Test_amtif\amtif\resultados_dos\pabot_results\Suites.Cp001 Chrome Copy 16\output.xml
